d:\学科建设\网络嗅探器\压缩包\networksniffer-master\networksniffer-master\sniffer\debug\sniffer.pch
d:\学科建设\网络嗅探器\压缩包\networksniffer-master\networksniffer-master\sniffer\debug\vc143.pdb
d:\学科建设\网络嗅探器\压缩包\networksniffer-master\networksniffer-master\sniffer\debug\vc143.idb
d:\学科建设\网络嗅探器\压缩包\networksniffer-master\networksniffer-master\sniffer\debug\stdafx.obj
d:\学科建设\网络嗅探器\压缩包\networksniffer-master\networksniffer-master\sniffer\debug\sniffer_1.obj
d:\学科建设\网络嗅探器\压缩包\networksniffer-master\networksniffer-master\sniffer\debug\sniffer.obj
d:\学科建设\网络嗅探器\压缩包\networksniffer-master\networksniffer-master\sniffer\debug\filter.obj
d:\学科建设\网络嗅探器\压缩包\networksniffer-master\networksniffer-master\sniffer\debug\adp.obj
d:\学科建设\网络嗅探器\压缩包\networksniffer-master\networksniffer-master\debug\sniffer.exe
d:\学科建设\网络嗅探器\压缩包\networksniffer-master\networksniffer-master\sniffer\debug\sniffer.ilk
d:\学科建设\网络嗅探器\压缩包\networksniffer-master\networksniffer-master\debug\sniffer.pdb
d:\学科建设\网络嗅探器\压缩包\networksniffer-master\networksniffer-master\sniffer\debug\sniffer.res
d:\学科建设\网络嗅探器\压缩包\networksniffer-master\networksniffer-master\sniffer\debug\sniffer.tlog\cl.command.1.tlog
d:\学科建设\网络嗅探器\压缩包\networksniffer-master\networksniffer-master\sniffer\debug\sniffer.tlog\cl.read.1.tlog
d:\学科建设\网络嗅探器\压缩包\networksniffer-master\networksniffer-master\sniffer\debug\sniffer.tlog\cl.write.1.tlog
d:\学科建设\网络嗅探器\压缩包\networksniffer-master\networksniffer-master\sniffer\debug\sniffer.tlog\link.command.1.tlog
d:\学科建设\网络嗅探器\压缩包\networksniffer-master\networksniffer-master\sniffer\debug\sniffer.tlog\link.read.1.tlog
d:\学科建设\网络嗅探器\压缩包\networksniffer-master\networksniffer-master\sniffer\debug\sniffer.tlog\link.write.1.tlog
d:\学科建设\网络嗅探器\压缩包\networksniffer-master\networksniffer-master\sniffer\debug\sniffer.tlog\rc.command.1.tlog
d:\学科建设\网络嗅探器\压缩包\networksniffer-master\networksniffer-master\sniffer\debug\sniffer.tlog\rc.read.1.tlog
d:\学科建设\网络嗅探器\压缩包\networksniffer-master\networksniffer-master\sniffer\debug\sniffer.tlog\rc.write.1.tlog
